  main.cpp
D:\download\vcpkg\installed\x64-windows\include\pangolin\gl\gl.hpp(745,1): warning C4267: “参数”: 从“size_t”转换到“GLuint”，可能丢失数据
D:\download\vcpkg\installed\x64-windows\include\pangolin\gl\gl.hpp(769,91): warning C4267: “初始化”: 从“size_t”转换到“GLuint”，可能丢失数据
D:\download\vcpkg\installed\x64-windows\include\pangolin\gl\gl.hpp(769,91): warning C4267: “初始化”: 从“size_t”转换到“const GLuint”，可能丢失数据
D:\download\GitHub_project\c++_轨迹可视化\pangolin2\main.cpp(103,38): warning C4244: “参数”: 从“double”转换到“_Ty”，可能丢失数据
          with
          [
              _Ty=float
          ]
D:\download\GitHub_project\c++_轨迹可视化\pangolin2\main.cpp(103,82): warning C4244: “参数”: 从“double”转换到“_Ty”，可能丢失数据
          with
          [
              _Ty=float
          ]
D:\download\GitHub_project\c++_轨迹可视化\pangolin2\main.cpp(103,126): warning C4244: “参数”: 从“double”转换到“_Ty”，可能丢失数据
          with
          [
              _Ty=float
          ]
D:\download\GitHub_project\c++_轨迹可视化\pangolin2\main.cpp(104,38): warning C4244: “参数”: 从“double”转换到“_Ty”，可能丢失数据
          with
          [
              _Ty=float
          ]
D:\download\GitHub_project\c++_轨迹可视化\pangolin2\main.cpp(104,82): warning C4244: “参数”: 从“double”转换到“_Ty”，可能丢失数据
          with
          [
              _Ty=float
          ]
D:\download\GitHub_project\c++_轨迹可视化\pangolin2\main.cpp(104,126): warning C4244: “参数”: 从“double”转换到“_Ty”，可能丢失数据
          with
          [
              _Ty=float
          ]
D:\download\GitHub_project\c++_轨迹可视化\pangolin2\main.cpp(105,38): warning C4244: “参数”: 从“double”转换到“_Ty”，可能丢失数据
          with
          [
              _Ty=float
          ]
D:\download\GitHub_project\c++_轨迹可视化\pangolin2\main.cpp(105,82): warning C4244: “参数”: 从“double”转换到“_Ty”，可能丢失数据
          with
          [
              _Ty=float
          ]
D:\download\GitHub_project\c++_轨迹可视化\pangolin2\main.cpp(105,126): warning C4244: “参数”: 从“double”转换到“_Ty”，可能丢失数据
          with
          [
              _Ty=float
          ]
D:\download\GitHub_project\c++_轨迹可视化\pangolin2\main.cpp(114,13): warning C4244: “参数”: 从“double”转换到“DWORD”，可能丢失数据
D:\download\GitHub_project\c++_轨迹可视化\pangolin2\main.cpp(151,21): warning C4305: “初始化”: 从“double”到“float”截断
D:\download\GitHub_project\c++_轨迹可视化\pangolin2\main.cpp(152,26): warning C4305: “初始化”: 从“double”到“float”截断
D:\download\GitHub_project\c++_轨迹可视化\pangolin2\main.cpp(153,25): warning C4305: “初始化”: 从“double”到“float”截断
D:\download\GitHub_project\c++_轨迹可视化\pangolin2\main.cpp(172,60): warning C4305: “参数”: 从“double”到“GLfloat”截断
D:\download\GitHub_project\c++_轨迹可视化\pangolin2\main.cpp(218,47): warning C4305: “参数”: 从“double”到“GLfloat”截断
D:\download\GitHub_project\c++_轨迹可视化\pangolin2\main.cpp(220,47): warning C4305: “参数”: 从“double”到“GLfloat”截断
D:\download\GitHub_project\c++_轨迹可视化\pangolin2\main.cpp(222,47): warning C4305: “参数”: 从“double”到“GLfloat”截断
D:\download\GitHub_project\c++_轨迹可视化\pangolin2\main.cpp(224,49): warning C4305: “参数”: 从“double”到“GLfloat”截断
D:\download\GitHub_project\c++_轨迹可视化\pangolin2\main.cpp(225,25): warning C4305: “参数”: 从“double”到“GLfloat”截断
D:\download\GitHub_project\c++_轨迹可视化\pangolin2\main.cpp(225,49): warning C4305: “参数”: 从“double”到“GLfloat”截断
D:\download\GitHub_project\c++_轨迹可视化\pangolin2\main.cpp(226,25): warning C4305: “参数”: 从“double”到“GLfloat”截断
D:\download\GitHub_project\c++_轨迹可视化\pangolin2\main.cpp(226,51): warning C4305: “参数”: 从“double”到“GLfloat”截断
D:\download\GitHub_project\c++_轨迹可视化\pangolin2\main.cpp(227,25): warning C4305: “参数”: 从“double”到“GLfloat”截断
D:\download\GitHub_project\c++_轨迹可视化\pangolin2\main.cpp(227,51): warning C4305: “参数”: 从“double”到“GLfloat”截断
D:\download\vcpkg\installed\x64-windows\include\pangolin\gl\gldraw.h(93,1): warning C4267: “参数”: 从“size_t”转换到“GLsizei”，可能丢失数据
D:\download\vcpkg\installed\x64-windows\include\pangolin\gl\gldraw.h(121): message : 查看对正在编译的函数 模板 实例化“void pangolin::glDrawVertices<float>(size_t,const T *const ,GLenum,size_t,size_t)”的引用
          with
          [
              T=float
          ]
D:\download\vcpkg\installed\x64-windows\include\pangolin\gl\gldraw.h(93,1): warning C4267: “参数”: 从“size_t”转换到“GLint”，可能丢失数据
D:\download\vcpkg\installed\x64-windows\include\pangolin\gl\gldraw.h(95,1): warning C4267: “参数”: 从“size_t”转换到“GLsizei”，可能丢失数据
D:\download\vcpkg\installed\x64-windows\include\pangolin\gl\gldraw.h(109,1): warning C4267: “参数”: 从“size_t”转换到“GLsizei”，可能丢失数据
D:\download\vcpkg\installed\x64-windows\include\pangolin\gl\gldraw.h(146): message : 查看对正在编译的函数 模板 实例化“void pangolin::glDrawColoredVertices<float,float>(size_t,const TV *const ,const TC *const ,GLenum,size_t,size_t,size_t,size_t)”的引用
          with
          [
              TV=float,
              TC=float
          ]
D:\download\vcpkg\installed\x64-windows\include\pangolin\gl\gldraw.h(109,1): warning C4267: “参数”: 从“size_t”转换到“GLint”，可能丢失数据
  正在生成代码
  9 of 2279 functions ( 0.4%) were compiled, the rest were copied from previous compilation.
    0 functions were new in current compilation
    61 functions had inline decision re-evaluated but remain unchanged
  已完成代码的生成
  pangolin2.vcxproj -> D:\download\GitHub_project\c++_轨迹可视化\x64\Release\pangolin2.exe
