d:\download\code\vsproject\pangolin2\pangolin2\x64\release\vc142.pdb
d:\download\code\vsproject\pangolin2\pangolin2\x64\release\main.obj
d:\download\code\vsproject\pangolin2\x64\release\pangolin2.exe
d:\download\code\vsproject\pangolin2\pangolin2\x64\release\pangolin2.ipdb
d:\download\code\vsproject\pangolin2\pangolin2\x64\release\pangolin2.iobj
d:\download\code\vsproject\pangolin2\x64\release\pangolin2.pdb
d:\download\code\vsproject\pangolin2\x64\release\swscale-5.dll
d:\download\code\vsproject\pangolin2\x64\release\avutil-56.dll
d:\download\code\vsproject\pangolin2\x64\release\avcodec-58.dll
d:\download\code\vsproject\pangolin2\x64\release\swresample-3.dll
d:\download\code\vsproject\pangolin2\x64\release\avdevice-58.dll
d:\download\code\vsproject\pangolin2\x64\release\avfilter-7.dll
d:\download\code\vsproject\pangolin2\x64\release\avformat-58.dll
d:\download\code\vsproject\pangolin2\x64\release\glew32.dll
d:\download\code\vsproject\pangolin2\x64\release\jpeg62.dll
d:\download\code\vsproject\pangolin2\x64\release\libpng16.dll
d:\download\code\vsproject\pangolin2\x64\release\zlib1.dll
d:\download\code\vsproject\pangolin2\pangolin2\x64\release\pangolin2.tlog\cl.command.1.tlog
d:\download\code\vsproject\pangolin2\pangolin2\x64\release\pangolin2.tlog\cl.read.1.tlog
d:\download\code\vsproject\pangolin2\pangolin2\x64\release\pangolin2.tlog\cl.write.1.tlog
d:\download\code\vsproject\pangolin2\pangolin2\x64\release\pangolin2.tlog\link.command.1.tlog
d:\download\code\vsproject\pangolin2\pangolin2\x64\release\pangolin2.tlog\link.read.1.tlog
d:\download\code\vsproject\pangolin2\pangolin2\x64\release\pangolin2.tlog\link.write.1.tlog
d:\download\code\vsproject\pangolin2\pangolin2\x64\release\pangolin2.tlog\pangolin2.write.1u.tlog
